This file contains any messages produced by compilers while
running configure, to aid debugging if configure makes a mistake.

It was created by opencore-amr configure 0.1.3, which was
generated by GNU Autoconf 2.68.  Invocation command line was

  $ ./configure --prefix=/Users/luguangqing/Desktop/1/lib-ios --disable-shared

## --------- ##
## Platform. ##
## --------- ##

hostname = luguangqingdeiMac.local
uname -m = x86_64
uname -r = 17.5.0
uname -s = Darwin
uname -v = Darwin Kernel Version 17.5.0: Mon Mar  5 22:24:32 PST 2018; root:xnu-4570.51.1~1/RELEASE_X86_64

/usr/bin/uname -p = i386
/bin/uname -X     = unknown

/bin/arch              = unknown
/usr/bin/arch -k       = unknown
/usr/convex/getsysinfo = unknown
/usr/bin/hostinfo      = Mach kernel version:
	 Darwin Kernel Version 17.5.0: Mon Mar  5 22:24:32 PST 2018; root:xnu-4570.51.1~1/RELEASE_X86_64
Kernel configured for up to 4 processors.
4 processors are physically available.
4 processors are logically available.
Processor type: x86_64h (Intel x86-64h Haswell)
Processors active: 0 1 2 3
Primary memory available: 8.00 gigabytes
Default processor set: 376 tasks, 1686 threads, 4 processors
Load average: 1.43, Mach factor: 2.56
/bin/machine           = unknown
/usr/bin/oslevel       = unknown
/bin/universe          = unknown

PATH: /usr/local/bin
PATH: /usr/bin
PATH: /bin
PATH: /usr/sbin
PATH: /sbin


## ----------- ##
## Core tests. ##
## ----------- ##

configure:2576: checking for a BSD-compatible install
configure:2644: result: /usr/bin/install -c
configure:2655: checking whether build environment is sane
configure:2705: result: yes
configure:2846: checking for a thread-safe mkdir -p
configure:2885: result: ./install-sh -c -d
configure:2898: checking for gawk
configure:2928: result: no
configure:2898: checking for mawk
configure:2928: result: no
configure:2898: checking for nawk
configure:2928: result: no
configure:2898: checking for awk
configure:2914: found /usr/bin/awk
configure:2925: result: awk
configure:2936: checking whether make sets $(MAKE)
configure:2958: result: yes
configure:3033: checking how to create a ustar tar archive
configure:3046: tar --version
bsdtar 2.8.3 - libarchive 2.8.3
configure:3049: $? = 0
configure:3089: tardir=conftest.dir && eval tar --format=ustar -chf - "$tardir" >conftest.tar
configure:3092: $? = 0
configure:3096: tar -xf - <conftest.tar
configure:3099: $? = 0
configure:3112: result: gnutar
configure:3130: checking whether make supports nested variables
configure:3147: result: yes
configure:3161: checking whether to enable maintainer-specific portions of Makefiles
configure:3170: result: no
configure:3189: checking build system type
configure:3203: result: x86_64-apple-darwin17.5.0
configure:3223: checking host system type
configure:3236: result: x86_64-apple-darwin17.5.0
configure:3449: checking for C++ compiler version
configure:3458: /Applications/Xcode.app/Contents/Developer/Toolchains/XcodeDefault.xctoolchain/usr/bin/clang++ --version >&5
Apple LLVM version 9.1.0 (clang-902.0.39.1)
Target: x86_64-apple-darwin17.5.0
Thread model: posix
InstalledDir: /Applications/Xcode.app/Contents/Developer/Toolchains/XcodeDefault.xctoolchain/usr/bin
configure:3469: $? = 0
configure:3458: /Applications/Xcode.app/Contents/Developer/Toolchains/XcodeDefault.xctoolchain/usr/bin/clang++ -v >&5
Apple LLVM version 9.1.0 (clang-902.0.39.1)
Target: x86_64-apple-darwin17.5.0
Thread model: posix
InstalledDir: /Applications/Xcode.app/Contents/Developer/Toolchains/XcodeDefault.xctoolchain/usr/bin
configure:3469: $? = 0
configure:3458: /Applications/Xcode.app/Contents/Developer/Toolchains/XcodeDefault.xctoolchain/usr/bin/clang++ -V >&5
clang: error: argument to '-V' is missing (expected 1 value)
clang: error: no input files
configure:3469: $? = 1
configure:3458: /Applications/Xcode.app/Contents/Developer/Toolchains/XcodeDefault.xctoolchain/usr/bin/clang++ -qversion >&5
clang: error: unknown argument: '-qversion'
clang: error: no input files
configure:3469: $? = 1
configure:3489: checking whether the C++ compiler works
configure:3511: /Applications/Xcode.app/Contents/Developer/Toolchains/XcodeDefault.xctoolchain/usr/bin/clang++ -isysroot /Applications/Xcode.app/Contents/Developer/Platforms/iPhoneSimulator.platform/Developer/SDKs/iPhoneSimulator11.3.sdk -arch i386 -mios-simulator-version-min=7.0 -isystem /Applications/Xcode.app/Contents/Developer/Platforms/iPhoneSimulator.platform/Developer/SDKs/iPhoneSimulator11.3.sdk/usr/include -fembed-bitcode -isysroot /Applications/Xcode.app/Contents/Developer/Platforms/iPhoneSimulator.platform/Developer/SDKs/iPhoneSimulator11.3.sdk -arch i386 -mios-simulator-version-min=7.0 -isystem /Applications/Xcode.app/Contents/Developer/Platforms/iPhoneSimulator.platform/Developer/SDKs/iPhoneSimulator11.3.sdk/usr/include -fembed-bitcode  conftest.cpp  >&5
configure:3515: $? = 0
configure:3563: result: yes
configure:3566: checking for C++ compiler default output file name
configure:3568: result: a.out
configure:3574: checking for suffix of executables
configure:3581: /Applications/Xcode.app/Contents/Developer/Toolchains/XcodeDefault.xctoolchain/usr/bin/clang++ -o conftest -isysroot /Applications/Xcode.app/Contents/Developer/Platforms/iPhoneSimulator.platform/Developer/SDKs/iPhoneSimulator11.3.sdk -arch i386 -mios-simulator-version-min=7.0 -isystem /Applications/Xcode.app/Contents/Developer/Platforms/iPhoneSimulator.platform/Developer/SDKs/iPhoneSimulator11.3.sdk/usr/include -fembed-bitcode -isysroot /Applications/Xcode.app/Contents/Developer/Platforms/iPhoneSimulator.platform/Developer/SDKs/iPhoneSimulator11.3.sdk -arch i386 -mios-simulator-version-min=7.0 -isystem /Applications/Xcode.app/Contents/Developer/Platforms/iPhoneSimulator.platform/Developer/SDKs/iPhoneSimulator11.3.sdk/usr/include -fembed-bitcode  conftest.cpp  >&5
configure:3585: $? = 0
configure:3607: result: 
configure:3629: checking whether we are cross compiling
configure:3637: /Applications/Xcode.app/Contents/Developer/Toolchains/XcodeDefault.xctoolchain/usr/bin/clang++ -o conftest -isysroot /Applications/Xcode.app/Contents/Developer/Platforms/iPhoneSimulator.platform/Developer/SDKs/iPhoneSimulator11.3.sdk -arch i386 -mios-simulator-version-min=7.0 -isystem /Applications/Xcode.app/Contents/Developer/Platforms/iPhoneSimulator.platform/Developer/SDKs/iPhoneSimulator11.3.sdk/usr/include -fembed-bitcode -isysroot /Applications/Xcode.app/Contents/Developer/Platforms/iPhoneSimulator.platform/Developer/SDKs/iPhoneSimulator11.3.sdk -arch i386 -mios-simulator-version-min=7.0 -isystem /Applications/Xcode.app/Contents/Developer/Platforms/iPhoneSimulator.platform/Developer/SDKs/iPhoneSimulator11.3.sdk/usr/include -fembed-bitcode  conftest.cpp  >&5
configure:3641: $? = 0
configure:3648: ./conftest
dyld: mach-o, but built for simulator (not macOS)
./configure: line 3650: 19212 Abort trap: 6           ./conftest$ac_cv_exeext
configure:3652: $? = 134
configure:3659: error: in `/Users/luguangqing/Desktop/1/src/opencore-amr-0.1.3':
configure:3661: error: cannot run C++ compiled programs.
If you meant to cross compile, use `--host'.
See `config.log' for more details

## ---------------- ##
## Cache variables. ##
## ---------------- ##

ac_cv_build=x86_64-apple-darwin17.5.0
ac_cv_env_CCC_set=
ac_cv_env_CCC_value=
ac_cv_env_CC_set=set
ac_cv_env_CC_value=/Applications/Xcode.app/Contents/Developer/Toolchains/XcodeDefault.xctoolchain/usr/bin/clang
ac_cv_env_CFLAGS_set=set
ac_cv_env_CFLAGS_value='-isysroot /Applications/Xcode.app/Contents/Developer/Platforms/iPhoneSimulator.platform/Developer/SDKs/iPhoneSimulator11.3.sdk -arch i386 -mios-simulator-version-min=7.0 -isystem /Applications/Xcode.app/Contents/Developer/Platforms/iPhoneSimulator.platform/Developer/SDKs/iPhoneSimulator11.3.sdk/usr/include -fembed-bitcode'
ac_cv_env_CPPFLAGS_set=set
ac_cv_env_CPPFLAGS_value='-isysroot /Applications/Xcode.app/Contents/Developer/Platforms/iPhoneSimulator.platform/Developer/SDKs/iPhoneSimulator11.3.sdk -arch i386 -mios-simulator-version-min=7.0 -isystem /Applications/Xcode.app/Contents/Developer/Platforms/iPhoneSimulator.platform/Developer/SDKs/iPhoneSimulator11.3.sdk/usr/include -fembed-bitcode'
ac_cv_env_CPP_set=
ac_cv_env_CPP_value=
ac_cv_env_CXXCPP_set=
ac_cv_env_CXXCPP_value=
ac_cv_env_CXXFLAGS_set=set
ac_cv_env_CXXFLAGS_value='-isysroot /Applications/Xcode.app/Contents/Developer/Platforms/iPhoneSimulator.platform/Developer/SDKs/iPhoneSimulator11.3.sdk -arch i386 -mios-simulator-version-min=7.0 -isystem /Applications/Xcode.app/Contents/Developer/Platforms/iPhoneSimulator.platform/Developer/SDKs/iPhoneSimulator11.3.sdk/usr/include -fembed-bitcode'
ac_cv_env_CXX_set=set
ac_cv_env_CXX_value=/Applications/Xcode.app/Contents/Developer/Toolchains/XcodeDefault.xctoolchain/usr/bin/clang++
ac_cv_env_LDFLAGS_set=
ac_cv_env_LDFLAGS_value=
ac_cv_env_LIBS_set=
ac_cv_env_LIBS_value=
ac_cv_env_build_alias_set=
ac_cv_env_build_alias_value=
ac_cv_env_host_alias_set=
ac_cv_env_host_alias_value=
ac_cv_env_target_alias_set=
ac_cv_env_target_alias_value=
ac_cv_host=x86_64-apple-darwin17.5.0
ac_cv_path_install='/usr/bin/install -c'
ac_cv_prog_AWK=awk
ac_cv_prog_make_make_set=yes
am_cv_make_support_nested_variables=yes
am_cv_prog_tar_ustar=gnutar

## ----------------- ##
## Output variables. ##
## ----------------- ##

ACLOCAL='${SHELL} /Users/luguangqing/Desktop/1/src/opencore-amr-0.1.3/missing --run aclocal-1.11'
AMDEPBACKSLASH=''
AMDEP_FALSE=''
AMDEP_TRUE=''
AMRNB_DECODER_FALSE='#'
AMRNB_DECODER_TRUE=''
AMRNB_ENCODER_FALSE='#'
AMRNB_ENCODER_TRUE=''
AMTAR='$${TAR-tar}'
AM_BACKSLASH='\'
AM_DEFAULT_V='$(AM_DEFAULT_VERBOSITY)'
AM_DEFAULT_VERBOSITY='0'
AM_V='$(V)'
AR=''
AUTOCONF='${SHELL} /Users/luguangqing/Desktop/1/src/opencore-amr-0.1.3/missing --run autoconf'
AUTOHEADER='${SHELL} /Users/luguangqing/Desktop/1/src/opencore-amr-0.1.3/missing --run autoheader'
AUTOMAKE='${SHELL} /Users/luguangqing/Desktop/1/src/opencore-amr-0.1.3/missing --run automake-1.11'
AWK='awk'
CC='/Applications/Xcode.app/Contents/Developer/Toolchains/XcodeDefault.xctoolchain/usr/bin/clang'
CCDEPMODE=''
CFLAGS='-isysroot /Applications/Xcode.app/Contents/Developer/Platforms/iPhoneSimulator.platform/Developer/SDKs/iPhoneSimulator11.3.sdk -arch i386 -mios-simulator-version-min=7.0 -isystem /Applications/Xcode.app/Contents/Developer/Platforms/iPhoneSimulator.platform/Developer/SDKs/iPhoneSimulator11.3.sdk/usr/include -fembed-bitcode'
COMPILE_AS_C_FALSE='#'
COMPILE_AS_C_TRUE=''
CPP=''
CPPFLAGS='-isysroot /Applications/Xcode.app/Contents/Developer/Platforms/iPhoneSimulator.platform/Developer/SDKs/iPhoneSimulator11.3.sdk -arch i386 -mios-simulator-version-min=7.0 -isystem /Applications/Xcode.app/Contents/Developer/Platforms/iPhoneSimulator.platform/Developer/SDKs/iPhoneSimulator11.3.sdk/usr/include -fembed-bitcode'
CXX='/Applications/Xcode.app/Contents/Developer/Toolchains/XcodeDefault.xctoolchain/usr/bin/clang++'
CXXCPP=''
CXXDEPMODE=''
CXXFLAGS='-isysroot /Applications/Xcode.app/Contents/Developer/Platforms/iPhoneSimulator.platform/Developer/SDKs/iPhoneSimulator11.3.sdk -arch i386 -mios-simulator-version-min=7.0 -isystem /Applications/Xcode.app/Contents/Developer/Platforms/iPhoneSimulator.platform/Developer/SDKs/iPhoneSimulator11.3.sdk/usr/include -fembed-bitcode'
CYGPATH_W='echo'
DEFS=''
DEPDIR=''
DLLTOOL=''
DSYMUTIL=''
DUMPBIN=''
ECHO_C='\c'
ECHO_N=''
ECHO_T=''
EGREP=''
EXAMPLES_FALSE=''
EXAMPLES_TRUE='#'
EXEEXT=''
FGREP=''
GCC_ARMV5_FALSE=''
GCC_ARMV5_TRUE='#'
GREP=''
INSTALL_DATA='${INSTALL} -m 644'
INSTALL_PROGRAM='${INSTALL}'
INSTALL_SCRIPT='${INSTALL}'
INSTALL_STRIP_PROGRAM='$(install_sh) -c -s'
LD=''
LDFLAGS=''
LIBOBJS=''
LIBS=''
LIBTOOL=''
LIBTOOL_DEPS=''
LIPO=''
LN_S=''
LTLIBOBJS=''
MAINT='#'
MAINTAINER_MODE_FALSE=''
MAINTAINER_MODE_TRUE='#'
MAKEINFO='${SHELL} /Users/luguangqing/Desktop/1/src/opencore-amr-0.1.3/missing --run makeinfo'
MANIFEST_TOOL=''
MKDIR_P='./install-sh -c -d'
NM=''
NMEDIT=''
OBJDUMP=''
OBJEXT=''
OPENCORE_AMRNB_VERSION=''
OPENCORE_AMRWB_VERSION=''
OTOOL64=''
OTOOL=''
PACKAGE='opencore-amr'
PACKAGE_BUGREPORT='http://sourceforge.net/projects/opencore-amr/'
PACKAGE_NAME='opencore-amr'
PACKAGE_STRING='opencore-amr 0.1.3'
PACKAGE_TARNAME='opencore-amr'
PACKAGE_URL=''
PACKAGE_VERSION='0.1.3'
PATH_SEPARATOR=':'
RANLIB=''
SED=''
SET_MAKE=''
SHELL='/bin/sh'
STRIP=''
VERSION='0.1.3'
ac_ct_AR=''
ac_ct_CC=''
ac_ct_CXX=''
ac_ct_DUMPBIN=''
am__EXEEXT_FALSE=''
am__EXEEXT_TRUE=''
am__fastdepCC_FALSE=''
am__fastdepCC_TRUE=''
am__fastdepCXX_FALSE=''
am__fastdepCXX_TRUE=''
am__include=''
am__isrc=''
am__leading_dot='.'
am__nodep=''
am__quote=''
am__tar='tar --format=ustar -chf - "$$tardir"'
am__untar='tar -xf -'
bindir='${exec_prefix}/bin'
build='x86_64-apple-darwin17.5.0'
build_alias=''
build_cpu='x86_64'
build_os='darwin17.5.0'
build_vendor='apple'
datadir='${datarootdir}'
datarootdir='${prefix}/share'
docdir='${datarootdir}/doc/${PACKAGE_TARNAME}'
dvidir='${docdir}'
exec_prefix='NONE'
host='x86_64-apple-darwin17.5.0'
host_alias=''
host_cpu='x86_64'
host_os='darwin17.5.0'
host_vendor='apple'
htmldir='${docdir}'
includedir='${prefix}/include'
infodir='${datarootdir}/info'
install_sh='${SHELL} /Users/luguangqing/Desktop/1/src/opencore-amr-0.1.3/install-sh'
libdir='${exec_prefix}/lib'
libexecdir='${exec_prefix}/libexec'
localedir='${datarootdir}/locale'
localstatedir='${prefix}/var'
mandir='${datarootdir}/man'
mkdir_p='$(top_builddir)/./install-sh -c -d'
oldincludedir='/usr/include'
pdfdir='${docdir}'
prefix='/Users/luguangqing/Desktop/1/lib-ios'
program_transform_name='s,x,x,'
psdir='${docdir}'
sbindir='${exec_prefix}/sbin'
sharedstatedir='${prefix}/com'
sysconfdir='${prefix}/etc'
target_alias=''

## ----------- ##
## confdefs.h. ##
## ----------- ##

/* confdefs.h */
#define PACKAGE_NAME "opencore-amr"
#define PACKAGE_TARNAME "opencore-amr"
#define PACKAGE_VERSION "0.1.3"
#define PACKAGE_STRING "opencore-amr 0.1.3"
#define PACKAGE_BUGREPORT "http://sourceforge.net/projects/opencore-amr/"
#define PACKAGE_URL ""
#define PACKAGE "opencore-amr"
#define VERSION "0.1.3"

configure: exit 1
